<?xml version="1.0" encoding="UTF-8" ?>
<testsuite tests="14" failures="0" name="step_definitions.RunCukesTest" time="0.364" errors="0" skipped="0">
  <properties>
[...]
</properties>
  <testcase classname="Scenario: Normal login" name="Given user open the website sauce demo" time="0.009"/>
  <testcase classname="Scenario: Normal login" name="When user input &quot;standard_user&quot; as userName and input &quot;secret_sauce&quot; as password" time="0"/>
  <testcase classname="Scenario: Normal login" name="And User pick item Sauce Labs Fleece Jacket" time="0"/>
  <testcase classname="Scenario: Normal login" name="And User pick item Sauce Labs Onesie" time="0"/>
  <testcase classname="Scenario: Normal login" name="And User Click button &quot;Shopping Cart Badge&quot;" time="0"/>
  <testcase classname="Scenario: Normal login" name="And User Click button &quot;Checkout&quot;" time="0"/>
  <testcase classname="Scenario: Normal login" name="And User input &quot;first-name&quot; and input &quot;last-name&quot;" time="0"/>
  <testcase classname="Scenario: Normal login" name="And User input &quot;postal-code&quot;" time="0"/>
  <testcase classname="Scenario: Normal login" name="And User Click button &quot;Continue&quot;" time="0"/>
  <testcase classname="Scenario: Normal login" name="And User Click button &quot;Finish&quot;" time="0"/>
  <testcase classname="Scenario: Normal login" name="Scenario: Normal login" time="0.173"/>
  <testcase classname="Scenario: Normal login" name="Given user open the website sauce demo" time="0"/>
  <testcase classname="Scenario: Normal login" name="When user input &quot;standard_user&quot; as userName and input &quot;secret_sauce&quot; as password" time="0"/>
  <testcase classname="Scenario: Normal login" name="Scenario: Normal login" time="0.182"/>
</testsuite>