<?xml version="1.0" encoding="UTF-8" ?>
<testsuite tests="29" failures="0" name="step_definitions.RunCukesTest" time="0.594" errors="0" skipped="0">
  <properties>
[...]
</properties>
  <testcase classname="Scenario: Normal login" name="Given user open the website sauce demo" time="0.002"/>
  <testcase classname="Scenario: Normal login" name="When user input &quot;standard_user&quot; as userName and input &quot;secret_sauce&quot; as password" time="0"/>
  <testcase classname="Scenario: Normal login" name="Then User already on landing page" time="0"/>
  <testcase classname="Scenario: Normal login" name="And User sort product list by name z to a" time="0"/>
  <testcase classname="Scenario: Normal login" name="And User pick item Sauce Labs Onesie" time="0"/>
  <testcase classname="Scenario: Normal login" name="And User pick item Test.allTheThings T-Shirt Red" time="0"/>
  <testcase classname="Scenario: Normal login" name="And User Click button &quot;Shopping Cart Badge&quot;" time="0.001"/>
  <testcase classname="Scenario: Normal login" name="And User Remove item Test.allTheThings T-Shirt Red" time="0"/>
  <testcase classname="Scenario: Normal login" name="And User Click button &quot;Checkout&quot;" time="0"/>
  <testcase classname="Scenario: Normal login" name="And User input &quot;first-name&quot; and input &quot;last-name&quot;" time="0"/>
  <testcase classname="Scenario: Normal login" name="And User input &quot;postal-code&quot;" time="0"/>
  <testcase classname="Scenario: Normal login" name="And User Click button &quot;Continue&quot;" time="0"/>
  <testcase classname="Scenario: Normal login" name="And User Click button &quot;Finish&quot;" time="0"/>
  <testcase classname="Scenario: Normal login" name="Scenario: Normal login" time="0.13"/>
  <testcase classname="Scenario: Normal login" name="Given user open the website sauce demo" time="0"/>
  <testcase classname="Scenario: Normal login" name="When user input &quot;standard_user&quot; as userName and input &quot;secret_sauce&quot; as password" time="0"/>
  <testcase classname="Scenario: Normal login" name="Scenario: Normal login" time="0.115"/>
  <testcase classname="| nurul | 123 | Epic sadface: Username and password do not match any user in this services |" name="Given user open the website sauce demo" time="0"/>
  <testcase classname="| nurul | 123 | Epic sadface: Username and password do not match any user in this services |" name="When user input &quot;nurul&quot; as userName and input &quot;123&quot; as password" time="0"/>
  <testcase classname="| nurul | 123 | Epic sadface: Username and password do not match any user in this services |" name="Then User see error &quot;Epic sadface: Username and password do not match any user in this services&quot; as errorText in login page" time="0"/>
  <testcase classname="| nurul | 123 | Epic sadface: Username and password do not match any user in this services |" name="| nurul | 123 | Epic sadface: Username and password do not match any user in this services |" time="0.119"/>
  <testcase classname="| nurul |  | Epic sadface: Password is required |" name="Given user open the website sauce demo" time="0"/>
  <testcase classname="| nurul |  | Epic sadface: Password is required |" name="When user input &quot;nurul&quot; as userName and input &quot;&quot; as password" time="0"/>
  <testcase classname="| nurul |  | Epic sadface: Password is required |" name="Then User see error &quot;Epic sadface: Password is required&quot; as errorText in login page" time="0"/>
  <testcase classname="| nurul |  | Epic sadface: Password is required |" name="| nurul |  | Epic sadface: Password is required |" time="0.116"/>
  <testcase classname="|  | 123 | Epic sadface: Username is required |" name="Given user open the website sauce demo" time="0.001"/>
  <testcase classname="|  | 123 | Epic sadface: Username is required |" name="When user input &quot;&quot; as userName and input &quot;123&quot; as password" time="0"/>
  <testcase classname="|  | 123 | Epic sadface: Username is required |" name="Then User see error &quot;Epic sadface: Username is required&quot; as errorText in login page" time="0.002"/>
  <testcase classname="|  | 123 | Epic sadface: Username is required |" name="|  | 123 | Epic sadface: Username is required |" time="0.108"/>
</testsuite>